{"C:\\Users\\IBM GAMER\\Desktop\\maestria\\modulo_4\\task-manager-v2\\backend\\src\\app.ts": {"path":"C:\\Users\\IBM GAMER\\Desktop\\maestria\\modulo_4\\task-manager-v2\\backend\\src\\app.ts","statementMap":{"0":{"start":{"line":2,"column":0},"end":{"line":2,"column":null}},"1":{"start":{"line":9,"column":12},"end":{"line":9,"column":20}},"2":{"start":{"line":12,"column":0},"end":{"line":12,"column":null}},"3":{"start":{"line":13,"column":0},"end":{"line":13,"column":null}},"4":{"start":{"line":16,"column":0},"end":{"line":16,"column":null}},"5":{"start":{"line":19,"column":0},"end":{"line":19,"column":null}},"6":{"start":{"line":22,"column":0},"end":{"line":24,"column":null}},"7":{"start":{"line":23,"column":2},"end":{"line":23,"column":null}}},"fnMap":{"0":{"name":"(anonymous_0)","decl":{"start":{"line":22,"column":4},"end":{"line":22,"column":9}},"loc":{"start":{"line":22,"column":22},"end":{"line":24,"column":1}},"line":22}},"branchMap":{},"s":{"0":1,"1":1,"2":1,"3":1,"4":1,"5":1,"6":1,"7":0},"f":{"0":0},"b":{},"meta":{"lastBranch":0,"lastFunction":1,"lastStatement":8,"seen":{"s:2:0:2:Infinity":0,"s:9:12:9:20":1,"s:12:0:12:Infinity":2,"s:13:0:13:Infinity":3,"s:16:0:16:Infinity":4,"s:19:0:19:Infinity":5,"s:22:0:24:Infinity":6,"f:22:4:22:9":0,"s:23:2:23:Infinity":7},"fnNames":{}}}
,"C:\\Users\\IBM GAMER\\Desktop\\maestria\\modulo_4\\task-manager-v2\\backend\\src\\controllers\\auth.controller.ts": {"path":"C:\\Users\\IBM GAMER\\Desktop\\maestria\\modulo_4\\task-manager-v2\\backend\\src\\controllers\\auth.controller.ts","statementMap":{"0":{"start":{"line":6,"column":35},"end":{"line":6,"column":null}},"1":{"start":{"line":8,"column":4},"end":{"line":10,"column":null}},"2":{"start":{"line":9,"column":6},"end":{"line":9,"column":null}},"3":{"start":{"line":12,"column":4},"end":{"line":16,"column":null}},"4":{"start":{"line":13,"column":6},"end":{"line":15,"column":null}},"5":{"start":{"line":18,"column":4},"end":{"line":30,"column":null}},"6":{"start":{"line":19,"column":22},"end":{"line":19,"column":null}},"7":{"start":{"line":20,"column":6},"end":{"line":23,"column":null}},"8":{"start":{"line":25,"column":6},"end":{"line":27,"column":null}},"9":{"start":{"line":26,"column":8},"end":{"line":26,"column":null}},"10":{"start":{"line":28,"column":6},"end":{"line":28,"column":null}},"11":{"start":{"line":29,"column":6},"end":{"line":29,"column":null}},"12":{"start":{"line":34,"column":35},"end":{"line":34,"column":null}},"13":{"start":{"line":35,"column":4},"end":{"line":37,"column":null}},"14":{"start":{"line":36,"column":6},"end":{"line":36,"column":null}},"15":{"start":{"line":39,"column":4},"end":{"line":48,"column":null}},"16":{"start":{"line":40,"column":21},"end":{"line":40,"column":null}},"17":{"start":{"line":41,"column":6},"end":{"line":41,"column":null}},"18":{"start":{"line":43,"column":6},"end":{"line":45,"column":null}},"19":{"start":{"line":44,"column":8},"end":{"line":44,"column":null}},"20":{"start":{"line":46,"column":6},"end":{"line":46,"column":null}},"21":{"start":{"line":47,"column":6},"end":{"line":47,"column":null}}},"fnMap":{"0":{"name":"register","decl":{"start":{"line":5,"column":15},"end":{"line":5,"column":24}},"loc":{"start":{"line":5,"column":53},"end":{"line":31,"column":null}},"line":5},"1":{"name":"login","decl":{"start":{"line":33,"column":15},"end":{"line":33,"column":21}},"loc":{"start":{"line":33,"column":50},"end":{"line":49,"column":null}},"line":33}},"branchMap":{"0":{"loc":{"start":{"line":6,"column":35},"end":{"line":6,"column":null}},"type":"binary-expr","locations":[{"start":{"line":6,"column":35},"end":{"line":6,"column":47}},{"start":{"line":6,"column":47},"end":{"line":6,"column":null}}],"line":6},"1":{"loc":{"start":{"line":8,"column":4},"end":{"line":10,"column":null}},"type":"if","locations":[{"start":{"line":8,"column":4},"end":{"line":10,"column":null}},{"start":{},"end":{}}],"line":8},"2":{"loc":{"start":{"line":8,"column":8},"end":{"line":8,"column":45}},"type":"binary-expr","locations":[{"start":{"line":8,"column":8},"end":{"line":8,"column":21}},{"start":{"line":8,"column":21},"end":{"line":8,"column":45}}],"line":8},"3":{"loc":{"start":{"line":12,"column":4},"end":{"line":16,"column":null}},"type":"if","locations":[{"start":{"line":12,"column":4},"end":{"line":16,"column":null}},{"start":{},"end":{}}],"line":12},"4":{"loc":{"start":{"line":12,"column":8},"end":{"line":12,"column":42}},"type":"binary-expr","locations":[{"start":{"line":12,"column":8},"end":{"line":12,"column":21}},{"start":{"line":12,"column":21},"end":{"line":12,"column":42}}],"line":12},"5":{"loc":{"start":{"line":25,"column":6},"end":{"line":27,"column":null}},"type":"if","locations":[{"start":{"line":25,"column":6},"end":{"line":27,"column":null}},{"start":{},"end":{}}],"line":25},"6":{"loc":{"start":{"line":34,"column":35},"end":{"line":34,"column":null}},"type":"binary-expr","locations":[{"start":{"line":34,"column":35},"end":{"line":34,"column":47}},{"start":{"line":34,"column":47},"end":{"line":34,"column":null}}],"line":34},"7":{"loc":{"start":{"line":35,"column":4},"end":{"line":37,"column":null}},"type":"if","locations":[{"start":{"line":35,"column":4},"end":{"line":37,"column":null}},{"start":{},"end":{}}],"line":35},"8":{"loc":{"start":{"line":35,"column":8},"end":{"line":35,"column":32}},"type":"binary-expr","locations":[{"start":{"line":35,"column":8},"end":{"line":35,"column":21}},{"start":{"line":35,"column":21},"end":{"line":35,"column":32}}],"line":35},"9":{"loc":{"start":{"line":43,"column":6},"end":{"line":45,"column":null}},"type":"if","locations":[{"start":{"line":43,"column":6},"end":{"line":45,"column":null}},{"start":{},"end":{}}],"line":43}},"s":{"0":0,"1":0,"2":0,"3":0,"4":0,"5":0,"6":0,"7":0,"8":0,"9":0,"10":0,"11":0,"12":1,"13":1,"14":0,"15":1,"16":1,"17":1,"18":0,"19":0,"20":0,"21":0},"f":{"0":1,"1":1},"b":{"0":[0,0],"1":[0,0],"2":[0,0],"3":[0,0],"4":[0,0],"5":[0,0],"6":[1,0],"7":[0,1],"8":[1,1],"9":[0,0]},"meta":{"lastBranch":10,"lastFunction":2,"lastStatement":22,"seen":{"f:5:15:5:24":0,"s:6:35:6:Infinity":0,"b:6:35:6:47:6:47:6:Infinity":0,"b:8:4:10:Infinity:undefined:undefined:undefined:undefined":1,"s:8:4:10:Infinity":1,"b:8:8:8:21:8:21:8:45":2,"s:9:6:9:Infinity":2,"b:12:4:16:Infinity:undefined:undefined:undefined:undefined":3,"s:12:4:16:Infinity":3,"b:12:8:12:21:12:21:12:42":4,"s:13:6:15:Infinity":4,"s:18:4:30:Infinity":5,"s:19:22:19:Infinity":6,"s:20:6:23:Infinity":7,"b:25:6:27:Infinity:undefined:undefined:undefined:undefined":5,"s:25:6:27:Infinity":8,"s:26:8:26:Infinity":9,"s:28:6:28:Infinity":10,"s:29:6:29:Infinity":11,"f:33:15:33:21":1,"s:34:35:34:Infinity":12,"b:34:35:34:47:34:47:34:Infinity":6,"b:35:4:37:Infinity:undefined:undefined:undefined:undefined":7,"s:35:4:37:Infinity":13,"b:35:8:35:21:35:21:35:32":8,"s:36:6:36:Infinity":14,"s:39:4:48:Infinity":15,"s:40:21:40:Infinity":16,"s:41:6:41:Infinity":17,"b:43:6:45:Infinity:undefined:undefined:undefined:undefined":9,"s:43:6:45:Infinity":18,"s:44:8:44:Infinity":19,"s:46:6:46:Infinity":20,"s:47:6:47:Infinity":21},"fnNames":{}}}
,"C:\\Users\\IBM GAMER\\Desktop\\maestria\\modulo_4\\task-manager-v2\\backend\\src\\controllers\\task.controller.ts": {"path":"C:\\Users\\IBM GAMER\\Desktop\\maestria\\modulo_4\\task-manager-v2\\backend\\src\\controllers\\task.controller.ts","statementMap":{"0":{"start":{"line":7,"column":4},"end":{"line":12,"column":null}},"1":{"start":{"line":8,"column":20},"end":{"line":8,"column":null}},"2":{"start":{"line":9,"column":6},"end":{"line":9,"column":null}},"3":{"start":{"line":11,"column":6},"end":{"line":11,"column":null}},"4":{"start":{"line":16,"column":21},"end":{"line":16,"column":null}},"5":{"start":{"line":17,"column":4},"end":{"line":19,"column":null}},"6":{"start":{"line":18,"column":6},"end":{"line":18,"column":null}},"7":{"start":{"line":21,"column":4},"end":{"line":26,"column":null}},"8":{"start":{"line":22,"column":22},"end":{"line":22,"column":null}},"9":{"start":{"line":23,"column":6},"end":{"line":23,"column":null}},"10":{"start":{"line":25,"column":6},"end":{"line":25,"column":null}},"11":{"start":{"line":30,"column":15},"end":{"line":30,"column":null}},"12":{"start":{"line":31,"column":4},"end":{"line":33,"column":null}},"13":{"start":{"line":32,"column":6},"end":{"line":32,"column":null}},"14":{"start":{"line":35,"column":32},"end":{"line":35,"column":null}},"15":{"start":{"line":37,"column":4},"end":{"line":48,"column":null}},"16":{"start":{"line":38,"column":26},"end":{"line":38,"column":null}},"17":{"start":{"line":39,"column":6},"end":{"line":39,"column":null}},"18":{"start":{"line":41,"column":6},"end":{"line":43,"column":null}},"19":{"start":{"line":42,"column":8},"end":{"line":42,"column":null}},"20":{"start":{"line":44,"column":6},"end":{"line":46,"column":null}},"21":{"start":{"line":45,"column":8},"end":{"line":45,"column":null}},"22":{"start":{"line":47,"column":6},"end":{"line":47,"column":null}},"23":{"start":{"line":52,"column":15},"end":{"line":52,"column":null}},"24":{"start":{"line":53,"column":4},"end":{"line":55,"column":null}},"25":{"start":{"line":54,"column":6},"end":{"line":54,"column":null}},"26":{"start":{"line":57,"column":4},"end":{"line":65,"column":null}},"27":{"start":{"line":58,"column":20},"end":{"line":58,"column":null}},"28":{"start":{"line":59,"column":6},"end":{"line":59,"column":null}},"29":{"start":{"line":61,"column":6},"end":{"line":63,"column":null}},"30":{"start":{"line":62,"column":8},"end":{"line":62,"column":null}},"31":{"start":{"line":64,"column":6},"end":{"line":64,"column":null}}},"fnMap":{"0":{"name":"getTasks","decl":{"start":{"line":6,"column":15},"end":{"line":6,"column":24}},"loc":{"start":{"line":6,"column":66},"end":{"line":13,"column":null}},"line":6},"1":{"name":"createTask","decl":{"start":{"line":15,"column":15},"end":{"line":15,"column":26}},"loc":{"start":{"line":15,"column":68},"end":{"line":27,"column":null}},"line":15},"2":{"name":"updateTask","decl":{"start":{"line":29,"column":15},"end":{"line":29,"column":26}},"loc":{"start":{"line":29,"column":68},"end":{"line":49,"column":null}},"line":29},"3":{"name":"deleteTask","decl":{"start":{"line":51,"column":15},"end":{"line":51,"column":26}},"loc":{"start":{"line":51,"column":68},"end":{"line":66,"column":null}},"line":51}},"branchMap":{"0":{"loc":{"start":{"line":16,"column":21},"end":{"line":16,"column":null}},"type":"binary-expr","locations":[{"start":{"line":16,"column":21},"end":{"line":16,"column":33}},{"start":{"line":16,"column":33},"end":{"line":16,"column":null}}],"line":16},"1":{"loc":{"start":{"line":17,"column":4},"end":{"line":19,"column":null}},"type":"if","locations":[{"start":{"line":17,"column":4},"end":{"line":19,"column":null}},{"start":{},"end":{}}],"line":17},"2":{"loc":{"start":{"line":17,"column":8},"end":{"line":17,"column":37}},"type":"binary-expr","locations":[{"start":{"line":17,"column":8},"end":{"line":17,"column":17}},{"start":{"line":17,"column":17},"end":{"line":17,"column":37}}],"line":17},"3":{"loc":{"start":{"line":31,"column":4},"end":{"line":33,"column":null}},"type":"if","locations":[{"start":{"line":31,"column":4},"end":{"line":33,"column":null}},{"start":{},"end":{}}],"line":31},"4":{"loc":{"start":{"line":35,"column":32},"end":{"line":35,"column":null}},"type":"binary-expr","locations":[{"start":{"line":35,"column":32},"end":{"line":35,"column":44}},{"start":{"line":35,"column":44},"end":{"line":35,"column":null}}],"line":35},"5":{"loc":{"start":{"line":41,"column":6},"end":{"line":43,"column":null}},"type":"if","locations":[{"start":{"line":41,"column":6},"end":{"line":43,"column":null}},{"start":{},"end":{}}],"line":41},"6":{"loc":{"start":{"line":44,"column":6},"end":{"line":46,"column":null}},"type":"if","locations":[{"start":{"line":44,"column":6},"end":{"line":46,"column":null}},{"start":{},"end":{}}],"line":44},"7":{"loc":{"start":{"line":53,"column":4},"end":{"line":55,"column":null}},"type":"if","locations":[{"start":{"line":53,"column":4},"end":{"line":55,"column":null}},{"start":{},"end":{}}],"line":53},"8":{"loc":{"start":{"line":61,"column":6},"end":{"line":63,"column":null}},"type":"if","locations":[{"start":{"line":61,"column":6},"end":{"line":63,"column":null}},{"start":{},"end":{}}],"line":61}},"s":{"0":1,"1":1,"2":1,"3":0,"4":2,"5":2,"6":1,"7":1,"8":1,"9":1,"10":0,"11":0,"12":0,"13":0,"14":0,"15":0,"16":0,"17":0,"18":0,"19":0,"20":0,"21":0,"22":0,"23":0,"24":0,"25":0,"26":0,"27":0,"28":0,"29":0,"30":0,"31":0},"f":{"0":1,"1":1,"2":1,"3":1},"b":{"0":[2,0],"1":[1,1],"2":[2,1],"3":[0,0],"4":[0,0],"5":[0,0],"6":[0,0],"7":[0,0],"8":[0,0]},"meta":{"lastBranch":9,"lastFunction":4,"lastStatement":32,"seen":{"f:6:15:6:24":0,"s:7:4:12:Infinity":0,"s:8:20:8:Infinity":1,"s:9:6:9:Infinity":2,"s:11:6:11:Infinity":3,"f:15:15:15:26":1,"s:16:21:16:Infinity":4,"b:16:21:16:33:16:33:16:Infinity":0,"b:17:4:19:Infinity:undefined:undefined:undefined:undefined":1,"s:17:4:19:Infinity":5,"b:17:8:17:17:17:17:17:37":2,"s:18:6:18:Infinity":6,"s:21:4:26:Infinity":7,"s:22:22:22:Infinity":8,"s:23:6:23:Infinity":9,"s:25:6:25:Infinity":10,"f:29:15:29:26":2,"s:30:15:30:Infinity":11,"b:31:4:33:Infinity:undefined:undefined:undefined:undefined":3,"s:31:4:33:Infinity":12,"s:32:6:32:Infinity":13,"s:35:32:35:Infinity":14,"b:35:32:35:44:35:44:35:Infinity":4,"s:37:4:48:Infinity":15,"s:38:26:38:Infinity":16,"s:39:6:39:Infinity":17,"b:41:6:43:Infinity:undefined:undefined:undefined:undefined":5,"s:41:6:43:Infinity":18,"s:42:8:42:Infinity":19,"b:44:6:46:Infinity:undefined:undefined:undefined:undefined":6,"s:44:6:46:Infinity":20,"s:45:8:45:Infinity":21,"s:47:6:47:Infinity":22,"f:51:15:51:26":3,"s:52:15:52:Infinity":23,"b:53:4:55:Infinity:undefined:undefined:undefined:undefined":7,"s:53:4:55:Infinity":24,"s:54:6:54:Infinity":25,"s:57:4:65:Infinity":26,"s:58:20:58:Infinity":27,"s:59:6:59:Infinity":28,"b:61:6:63:Infinity:undefined:undefined:undefined:undefined":8,"s:61:6:63:Infinity":29,"s:62:8:62:Infinity":30,"s:64:6:64:Infinity":31},"fnNames":{}}}
,"C:\\Users\\IBM GAMER\\Desktop\\maestria\\modulo_4\\task-manager-v2\\backend\\src\\lib\\prisma.ts": {"path":"C:\\Users\\IBM GAMER\\Desktop\\maestria\\modulo_4\\task-manager-v2\\backend\\src\\lib\\prisma.ts","statementMap":{"0":{"start":{"line":3,"column":22},"end":{"line":3,"column":null}}},"fnMap":{},"branchMap":{},"s":{"0":1},"f":{},"b":{},"meta":{"lastBranch":0,"lastFunction":0,"lastStatement":1,"seen":{"s:3:22:3:Infinity":0},"fnNames":{}}}
,"C:\\Users\\IBM GAMER\\Desktop\\maestria\\modulo_4\\task-manager-v2\\backend\\src\\middlewares\\auth.middleware.ts": {"path":"C:\\Users\\IBM GAMER\\Desktop\\maestria\\modulo_4\\task-manager-v2\\backend\\src\\middlewares\\auth.middleware.ts","statementMap":{"0":{"start":{"line":3,"column":18},"end":{"line":3,"column":null}},"1":{"start":{"line":14,"column":6},"end":{"line":49,"column":null}},"2":{"start":{"line":19,"column":21},"end":{"line":19,"column":null}},"3":{"start":{"line":21,"column":2},"end":{"line":25,"column":null}},"4":{"start":{"line":22,"column":4},"end":{"line":24,"column":null}},"5":{"start":{"line":26,"column":16},"end":{"line":26,"column":null}},"6":{"start":{"line":28,"column":2},"end":{"line":30,"column":null}},"7":{"start":{"line":29,"column":4},"end":{"line":29,"column":null}},"8":{"start":{"line":32,"column":2},"end":{"line":48,"column":null}},"9":{"start":{"line":33,"column":4},"end":{"line":33,"column":null}},"10":{"start":{"line":34,"column":4},"end":{"line":34,"column":null}},"11":{"start":{"line":35,"column":20},"end":{"line":35,"column":null}},"12":{"start":{"line":37,"column":4},"end":{"line":37,"column":null}},"13":{"start":{"line":38,"column":4},"end":{"line":38,"column":null}},"14":{"start":{"line":40,"column":4},"end":{"line":40,"column":null}},"15":{"start":{"line":42,"column":4},"end":{"line":42,"column":null}},"16":{"start":{"line":44,"column":4},"end":{"line":44,"column":null}},"17":{"start":{"line":45,"column":4},"end":{"line":47,"column":null}}},"fnMap":{"0":{"name":"(anonymous_0)","decl":{"start":{"line":14,"column":6},"end":{"line":14,"column":null}},"loc":{"start":{"line":18,"column":5},"end":{"line":49,"column":null}},"line":18}},"branchMap":{"0":{"loc":{"start":{"line":3,"column":18},"end":{"line":3,"column":null}},"type":"binary-expr","locations":[{"start":{"line":3,"column":18},"end":{"line":3,"column":44}},{"start":{"line":3,"column":44},"end":{"line":3,"column":null}}],"line":3},"1":{"loc":{"start":{"line":21,"column":2},"end":{"line":25,"column":null}},"type":"if","locations":[{"start":{"line":21,"column":2},"end":{"line":25,"column":null}},{"start":{},"end":{}}],"line":21},"2":{"loc":{"start":{"line":28,"column":2},"end":{"line":30,"column":null}},"type":"if","locations":[{"start":{"line":28,"column":2},"end":{"line":30,"column":null}},{"start":{},"end":{}}],"line":28}},"s":{"0":1,"1":1,"2":3,"3":3,"4":0,"5":3,"6":3,"7":0,"8":3,"9":3,"10":3,"11":3,"12":3,"13":3,"14":3,"15":3,"16":0,"17":0},"f":{"0":3},"b":{"0":[1,0],"1":[0,3],"2":[0,3]},"meta":{"lastBranch":3,"lastFunction":1,"lastStatement":18,"seen":{"s:3:18:3:Infinity":0,"b:3:18:3:44:3:44:3:Infinity":0,"s:14:6:49:Infinity":1,"f:14:6:14:Infinity":0,"s:19:21:19:Infinity":2,"b:21:2:25:Infinity:undefined:undefined:undefined:undefined":1,"s:21:2:25:Infinity":3,"s:22:4:24:Infinity":4,"s:26:16:26:Infinity":5,"b:28:2:30:Infinity:undefined:undefined:undefined:undefined":2,"s:28:2:30:Infinity":6,"s:29:4:29:Infinity":7,"s:32:2:48:Infinity":8,"s:33:4:33:Infinity":9,"s:34:4:34:Infinity":10,"s:35:20:35:Infinity":11,"s:37:4:37:Infinity":12,"s:38:4:38:Infinity":13,"s:40:4:40:Infinity":14,"s:42:4:42:Infinity":15,"s:44:4:44:Infinity":16,"s:45:4:47:Infinity":17},"fnNames":{}}}
,"C:\\Users\\IBM GAMER\\Desktop\\maestria\\modulo_4\\task-manager-v2\\backend\\src\\routes\\auth.routes.ts": {"path":"C:\\Users\\IBM GAMER\\Desktop\\maestria\\modulo_4\\task-manager-v2\\backend\\src\\routes\\auth.routes.ts","statementMap":{"0":{"start":{"line":4,"column":15},"end":{"line":4,"column":22}},"1":{"start":{"line":6,"column":0},"end":{"line":6,"column":null}},"2":{"start":{"line":7,"column":0},"end":{"line":7,"column":null}}},"fnMap":{},"branchMap":{},"s":{"0":1,"1":1,"2":1},"f":{},"b":{},"meta":{"lastBranch":0,"lastFunction":0,"lastStatement":3,"seen":{"s:4:15:4:22":0,"s:6:0:6:Infinity":1,"s:7:0:7:Infinity":2},"fnNames":{}}}
,"C:\\Users\\IBM GAMER\\Desktop\\maestria\\modulo_4\\task-manager-v2\\backend\\src\\routes\\index.ts": {"path":"C:\\Users\\IBM GAMER\\Desktop\\maestria\\modulo_4\\task-manager-v2\\backend\\src\\routes\\index.ts","statementMap":{"0":{"start":{"line":5,"column":15},"end":{"line":5,"column":22}},"1":{"start":{"line":7,"column":0},"end":{"line":7,"column":null}},"2":{"start":{"line":8,"column":0},"end":{"line":8,"column":null}}},"fnMap":{},"branchMap":{},"s":{"0":1,"1":1,"2":1},"f":{},"b":{},"meta":{"lastBranch":0,"lastFunction":0,"lastStatement":3,"seen":{"s:5:15:5:22":0,"s:7:0:7:Infinity":1,"s:8:0:8:Infinity":2},"fnNames":{}}}
,"C:\\Users\\IBM GAMER\\Desktop\\maestria\\modulo_4\\task-manager-v2\\backend\\src\\routes\\task.routes.ts": {"path":"C:\\Users\\IBM GAMER\\Desktop\\maestria\\modulo_4\\task-manager-v2\\backend\\src\\routes\\task.routes.ts","statementMap":{"0":{"start":{"line":5,"column":15},"end":{"line":5,"column":22}},"1":{"start":{"line":8,"column":0},"end":{"line":8,"column":null}},"2":{"start":{"line":10,"column":0},"end":{"line":10,"column":null}},"3":{"start":{"line":11,"column":0},"end":{"line":11,"column":null}},"4":{"start":{"line":12,"column":0},"end":{"line":12,"column":null}},"5":{"start":{"line":13,"column":0},"end":{"line":13,"column":null}}},"fnMap":{},"branchMap":{},"s":{"0":1,"1":1,"2":1,"3":1,"4":1,"5":1},"f":{},"b":{},"meta":{"lastBranch":0,"lastFunction":0,"lastStatement":6,"seen":{"s:5:15:5:22":0,"s:8:0:8:Infinity":1,"s:10:0:10:Infinity":2,"s:11:0:11:Infinity":3,"s:12:0:12:Infinity":4,"s:13:0:13:Infinity":5},"fnNames":{}}}
,"C:\\Users\\IBM GAMER\\Desktop\\maestria\\modulo_4\\task-manager-v2\\backend\\src\\services\\auth.service.ts": {"path":"C:\\Users\\IBM GAMER\\Desktop\\maestria\\modulo_4\\task-manager-v2\\backend\\src\\services\\auth.service.ts","statementMap":{"0":{"start":{"line":5,"column":18},"end":{"line":5,"column":null}},"1":{"start":{"line":9,"column":25},"end":{"line":11,"column":null}},"2":{"start":{"line":13,"column":4},"end":{"line":15,"column":null}},"3":{"start":{"line":14,"column":6},"end":{"line":14,"column":null}},"4":{"start":{"line":17,"column":23},"end":{"line":17,"column":null}},"5":{"start":{"line":18,"column":27},"end":{"line":18,"column":null}},"6":{"start":{"line":20,"column":4},"end":{"line":30,"column":null}},"7":{"start":{"line":34,"column":17},"end":{"line":36,"column":null}},"8":{"start":{"line":38,"column":4},"end":{"line":40,"column":null}},"9":{"start":{"line":39,"column":6},"end":{"line":39,"column":null}},"10":{"start":{"line":42,"column":28},"end":{"line":42,"column":null}},"11":{"start":{"line":44,"column":4},"end":{"line":46,"column":null}},"12":{"start":{"line":45,"column":6},"end":{"line":45,"column":null}},"13":{"start":{"line":48,"column":18},"end":{"line":52,"column":null}},"14":{"start":{"line":54,"column":4},"end":{"line":54,"column":null}}},"fnMap":{"0":{"name":"registerUser","decl":{"start":{"line":8,"column":15},"end":{"line":8,"column":28}},"loc":{"start":{"line":8,"column":64},"end":{"line":31,"column":null}},"line":8},"1":{"name":"loginUser","decl":{"start":{"line":33,"column":15},"end":{"line":33,"column":25}},"loc":{"start":{"line":33,"column":61},"end":{"line":55,"column":null}},"line":33}},"branchMap":{"0":{"loc":{"start":{"line":5,"column":18},"end":{"line":5,"column":null}},"type":"binary-expr","locations":[{"start":{"line":5,"column":18},"end":{"line":5,"column":44}},{"start":{"line":5,"column":44},"end":{"line":5,"column":null}}],"line":5},"1":{"loc":{"start":{"line":13,"column":4},"end":{"line":15,"column":null}},"type":"if","locations":[{"start":{"line":13,"column":4},"end":{"line":15,"column":null}},{"start":{},"end":{}}],"line":13},"2":{"loc":{"start":{"line":38,"column":4},"end":{"line":40,"column":null}},"type":"if","locations":[{"start":{"line":38,"column":4},"end":{"line":40,"column":null}},{"start":{},"end":{}}],"line":38},"3":{"loc":{"start":{"line":44,"column":4},"end":{"line":46,"column":null}},"type":"if","locations":[{"start":{"line":44,"column":4},"end":{"line":46,"column":null}},{"start":{},"end":{}}],"line":44}},"s":{"0":1,"1":0,"2":0,"3":0,"4":0,"5":0,"6":0,"7":1,"8":1,"9":0,"10":1,"11":1,"12":0,"13":1,"14":1},"f":{"0":1,"1":1},"b":{"0":[1,0],"1":[0,0],"2":[0,1],"3":[0,1]},"meta":{"lastBranch":4,"lastFunction":2,"lastStatement":15,"seen":{"s:5:18:5:Infinity":0,"b:5:18:5:44:5:44:5:Infinity":0,"f:8:15:8:28":0,"s:9:25:11:Infinity":1,"b:13:4:15:Infinity:undefined:undefined:undefined:undefined":1,"s:13:4:15:Infinity":2,"s:14:6:14:Infinity":3,"s:17:23:17:Infinity":4,"s:18:27:18:Infinity":5,"s:20:4:30:Infinity":6,"f:33:15:33:25":1,"s:34:17:36:Infinity":7,"b:38:4:40:Infinity:undefined:undefined:undefined:undefined":2,"s:38:4:40:Infinity":8,"s:39:6:39:Infinity":9,"s:42:28:42:Infinity":10,"b:44:4:46:Infinity:undefined:undefined:undefined:undefined":3,"s:44:4:46:Infinity":11,"s:45:6:45:Infinity":12,"s:48:18:52:Infinity":13,"s:54:4:54:Infinity":14},"fnNames":{}}}
,"C:\\Users\\IBM GAMER\\Desktop\\maestria\\modulo_4\\task-manager-v2\\backend\\src\\services\\task.service.ts": {"path":"C:\\Users\\IBM GAMER\\Desktop\\maestria\\modulo_4\\task-manager-v2\\backend\\src\\services\\task.service.ts","statementMap":{"0":{"start":{"line":6,"column":4},"end":{"line":8,"column":null}},"1":{"start":{"line":12,"column":4},"end":{"line":17,"column":null}},"2":{"start":{"line":21,"column":25},"end":{"line":21,"column":null}},"3":{"start":{"line":22,"column":4},"end":{"line":24,"column":null}},"4":{"start":{"line":23,"column":6},"end":{"line":23,"column":null}},"5":{"start":{"line":26,"column":34},"end":{"line":26,"column":null}},"6":{"start":{"line":28,"column":4},"end":{"line":31,"column":null}},"7":{"start":{"line":29,"column":6},"end":{"line":29,"column":null}},"8":{"start":{"line":29,"column":30},"end":{"line":29,"column":null}},"9":{"start":{"line":30,"column":6},"end":{"line":30,"column":null}},"10":{"start":{"line":33,"column":4},"end":{"line":34,"column":null}},"11":{"start":{"line":36,"column":4},"end":{"line":39,"column":null}},"12":{"start":{"line":43,"column":25},"end":{"line":43,"column":null}},"13":{"start":{"line":44,"column":4},"end":{"line":46,"column":null}},"14":{"start":{"line":45,"column":6},"end":{"line":45,"column":null}},"15":{"start":{"line":48,"column":4},"end":{"line":48,"column":null}},"16":{"start":{"line":49,"column":4},"end":{"line":49,"column":null}}},"fnMap":{"0":{"name":"getAllTasks","decl":{"start":{"line":5,"column":15},"end":{"line":5,"column":29}},"loc":{"start":{"line":5,"column":29},"end":{"line":9,"column":null}},"line":5},"1":{"name":"createTask","decl":{"start":{"line":11,"column":15},"end":{"line":11,"column":26}},"loc":{"start":{"line":11,"column":40},"end":{"line":18,"column":null}},"line":11},"2":{"name":"updateTask","decl":{"start":{"line":20,"column":15},"end":{"line":20,"column":26}},"loc":{"start":{"line":20,"column":74},"end":{"line":40,"column":null}},"line":20},"3":{"name":"deleteTask","decl":{"start":{"line":42,"column":15},"end":{"line":42,"column":26}},"loc":{"start":{"line":42,"column":38},"end":{"line":50,"column":null}},"line":42}},"branchMap":{"0":{"loc":{"start":{"line":22,"column":4},"end":{"line":24,"column":null}},"type":"if","locations":[{"start":{"line":22,"column":4},"end":{"line":24,"column":null}},{"start":{},"end":{}}],"line":22},"1":{"loc":{"start":{"line":28,"column":4},"end":{"line":31,"column":null}},"type":"if","locations":[{"start":{"line":28,"column":4},"end":{"line":31,"column":null}},{"start":{},"end":{}}],"line":28},"2":{"loc":{"start":{"line":29,"column":6},"end":{"line":29,"column":null}},"type":"if","locations":[{"start":{"line":29,"column":6},"end":{"line":29,"column":null}},{"start":{},"end":{}}],"line":29},"3":{"loc":{"start":{"line":34,"column":6},"end":{"line":34,"column":null}},"type":"cond-expr","locations":[{"start":{"line":34,"column":32},"end":{"line":34,"column":44}},{"start":{"line":34,"column":44},"end":{"line":34,"column":null}}],"line":34},"4":{"loc":{"start":{"line":44,"column":4},"end":{"line":46,"column":null}},"type":"if","locations":[{"start":{"line":44,"column":4},"end":{"line":46,"column":null}},{"start":{},"end":{}}],"line":44}},"s":{"0":1,"1":1,"2":0,"3":0,"4":0,"5":0,"6":0,"7":0,"8":0,"9":0,"10":0,"11":0,"12":0,"13":0,"14":0,"15":0,"16":0},"f":{"0":1,"1":1,"2":1,"3":1},"b":{"0":[0,0],"1":[0,0],"2":[0,0],"3":[0,0],"4":[0,0]},"meta":{"lastBranch":5,"lastFunction":4,"lastStatement":17,"seen":{"f:5:15:5:29":0,"s:6:4:8:Infinity":0,"f:11:15:11:26":1,"s:12:4:17:Infinity":1,"f:20:15:20:26":2,"s:21:25:21:Infinity":2,"b:22:4:24:Infinity:undefined:undefined:undefined:undefined":0,"s:22:4:24:Infinity":3,"s:23:6:23:Infinity":4,"s:26:34:26:Infinity":5,"b:28:4:31:Infinity:undefined:undefined:undefined:undefined":1,"s:28:4:31:Infinity":6,"b:29:6:29:Infinity:undefined:undefined:undefined:undefined":2,"s:29:6:29:Infinity":7,"s:29:30:29:Infinity":8,"s:30:6:30:Infinity":9,"s:33:4:34:Infinity":10,"b:34:32:34:44:34:44:34:Infinity":3,"s:36:4:39:Infinity":11,"f:42:15:42:26":3,"s:43:25:43:Infinity":12,"b:44:4:46:Infinity:undefined:undefined:undefined:undefined":4,"s:44:4:46:Infinity":13,"s:45:6:45:Infinity":14,"s:48:4:48:Infinity":15,"s:49:4:49:Infinity":16},"fnNames":{}}}
}
